Unstaged changes after reset:
M	scripts/ralph-progress.json
M	scripts/ralph-queue.txt
[main 35fd1404] ralph: update progress — SP-175 SCORER_ERROR
 1 file changed, 14 insertions(+), 3 deletions(-)
🚀 Running pre-push checks...
📦 Checking bundle budgets (blocking + trend monitor)...
=== Bundle Size Report ===
Mode:   check-only (default)
Total:  149371.58 KB
JS:     42.34 KB
CSS:    63.53 KB
HTML:   133207.09 KB
Images: 1055.67 KB
Other:  15002.94 KB
Files:  3724
Routes: 2757

ℹ️  Check-only mode: history file was not modified.

✅ Blocking budgets passed (JS/CSS + single-file checks).

⚠️  Trend monitor alerts (non-blocking): 2 critical, 2 warning
  🟡 totalKB 149371.58 KB exceeds warning threshold 140000.00 KB
  🟠 totalKB grew by 49434.92 KB (+49.47%) vs previous 99936.66 KB (critical growth > 8%)
  🟡 htmlKB 133207.09 KB exceeds warning threshold 130000.00 KB
  🟠 htmlKB grew by 44955.26 KB (+50.94%) vs previous 88251.83 KB (critical growth > 8%)
✅ Pre-push checks passed!
