
Written: 0 | Skipped (has kaomoji): 1 | Failed: 0

Written: 0 | Skipped (has kaomoji): 1 | Failed: 0
Unstaged changes after reset:
M	scripts/ralph-progress.json
M	scripts/ralph-queue.txt
M	src/data/post-versions.json
[main ef85b3ab] ralph: update progress — SP-175 BUILD_ERROR
 1 file changed, 6 insertions(+), 6 deletions(-)
🚀 Running pre-push checks...
📦 Checking bundle budgets (blocking + trend monitor)...
=== Bundle Size Report ===
Mode:   check-only (default)
Total:  0.00 KB
JS:     0.00 KB
CSS:    0.00 KB
HTML:   0.00 KB
Images: 0.00 KB
Other:  0.00 KB
Files:  0
Routes: 0

ℹ️  Check-only mode: history file was not modified.

✅ Blocking budgets passed (JS/CSS + single-file checks).

⚠️  Trend monitor alerts (non-blocking): 0 critical, 6 warning
  🟡 Route "/" not found in current dist output (check route mapping or build output)
  🟡 Route "/en/" not found in current dist output (check route mapping or build output)
  🟡 Route "/clawd-picks/" not found in current dist output (check route mapping or build output)
  🟡 Route "/en/clawd-picks/" not found in current dist output (check route mapping or build output)
  🟡 Route "/shroomdog-picks/" not found in current dist output (check route mapping or build output)
  🟡 Route "/level-up/" not found in current dist output (check route mapping or build output)
✅ Pre-push checks passed!
error: cannot pull with rebase: You have unstaged changes.
error: Please commit or stash them.
