
Written: 0 | Skipped (has kaomoji): 1 | Failed: 0

Written: 0 | Skipped (has kaomoji): 1 | Failed: 0

Written: 0 | Skipped (has kaomoji): 1 | Failed: 0

Written: 0 | Skipped (has kaomoji): 1 | Failed: 0
[main c25694e2] ralph: SP-176 — PASS (P:8 C:8 V:8)
 2 files changed, 136 insertions(+), 182 deletions(-)
Unstaged changes after reset:
M	scripts/ralph-progress.json
M	scripts/ralph-queue.txt
M	src/data/post-versions.json
[main 23d14cb9] ralph: update progress — SP-176 PASS
 1 file changed, 15 insertions(+), 4 deletions(-)
🚀 Running pre-push checks...
📦 Checking bundle budgets (blocking + trend monitor)...
=== Bundle Size Report ===
Mode:   check-only (default)
Total:  151401.41 KB
JS:     42.34 KB
CSS:    63.53 KB
HTML:   135000.38 KB
Images: 1055.67 KB
Other:  15239.49 KB
Files:  3771
Routes: 2792

ℹ️  Check-only mode: history file was not modified.

✅ Blocking budgets passed (JS/CSS + single-file checks).

⚠️  Trend monitor alerts (non-blocking): 2 critical, 2 warning
  🟡 totalKB 151401.41 KB exceeds warning threshold 140000.00 KB
  🟠 totalKB grew by 51464.75 KB (+51.5%) vs previous 99936.66 KB (critical growth > 8%)
  🟡 htmlKB 135000.38 KB exceeds warning threshold 130000.00 KB
  🟠 htmlKB grew by 46748.55 KB (+52.97%) vs previous 88251.83 KB (critical growth > 8%)
✅ Pre-push checks passed!
